<?xml version="1.0" encoding="UTF-8"?>
<!-- Generated by org.testng.reporters.JUnitReportReporter -->
<testsuite hostname="TYSS-Manikandan-Alagesan" failures="0" tests="1" name="ecommerce.assignment.Ecommerce" time="17.491" errors="0" timestamp="2024-01-13T16:05:11 IST" skipped="0">
  <testcase classname="ecommerce.assignment.Ecommerce" name="ecommerce" time="17.491"/>
  <system-out/>
</testsuite> <!-- ecommerce.assignment.Ecommerce -->
